# JRE version: OpenJDK Runtime Environment (8.0_242-b01) (build 1.8.0_242-release-1644-b01)
# Java VM: OpenJDK 64-Bit Server VM (25.242-b01 mixed mode windows-amd64 compressed oops)
Heap:
 PSYoungGen      total 547840K, used 144958K [0x00000000d5580000, 0x00000000ff100000, 0x0000000100000000)
  eden space 528896K, 27% used [0x00000000d5580000,0x00000000de30fa60,0x00000000f5a00000)
  from space 18944K, 0% used [0x00000000f5a00000,0x00000000f5a00000,0x00000000f6c80000)
  to   space 22016K, 0% used [0x00000000fdb80000,0x00000000fdb80000,0x00000000ff100000)
 ParOldGen       total 85504K, used 31789K [0x0000000080000000, 0x0000000085380000, 0x00000000d5580000)
  object space 85504K, 37% used [0x0000000080000000,0x0000000081f0b778,0x0000000085380000)
 Metaspace       used 65799K, capacity 68436K, committed 68608K, reserved 1107968K
  class space    used 8551K, capacity 9085K, committed 9216K, reserved 1048576K
GC Heap History (10 events):
Event: 33.303 GC heap before
{Heap before GC invocations=12 (full 2):
 PSYoungGen      total 359424K, used 346736K [0x00000000d5580000, 0x00000000f2a00000, 0x0000000100000000)
  eden space 344576K, 100% used [0x00000000d5580000,0x00000000ea600000,0x00000000ea600000)
  from space 14848K, 14% used [0x00000000ea600000,0x00000000ea81c010,0x00000000eb480000)
  to   space 14848K, 0% used [0x00000000f1b80000,0x00000000f1b80000,0x00000000f2a00000)
 ParOldGen       total 85504K, used 20245K [0x0000000080000000, 0x0000000085380000, 0x00000000d5580000)
  object space 85504K, 23% used [0x0000000080000000,0x00000000813c55b0,0x0000000085380000)
 Metaspace       used 49669K, capacity 51706K, committed 51840K, reserved 1093632K
  class space    used 6377K, capacity 6778K, committed 6784K, reserved 1048576K
Event: 33.324 GC heap after
Heap after GC invocations=12 (full 2):
 PSYoungGen      total 451072K, used 14828K [0x00000000d5580000, 0x00000000f2a00000, 0x0000000100000000)
  eden space 436224K, 0% used [0x00000000d5580000,0x00000000d5580000,0x00000000eff80000)
  from space 14848K, 99% used [0x00000000f1b80000,0x00000000f29fb3e0,0x00000000f2a00000)
  to   space 18944K, 0% used [0x00000000f0500000,0x00000000f0500000,0x00000000f1780000)
 ParOldGen       total 85504K, used 25088K [0x0000000080000000, 0x0000000085380000, 0x00000000d5580000)
  object space 85504K, 29% used [0x0000000080000000,0x00000000818803f8,0x0000000085380000)
 Metaspace       used 49669K, capacity 51706K, committed 51840K, reserved 1093632K
  class space    used 6377K, capacity 6778K, committed 6784K, reserved 1048576K
}
Event: 91.756 GC heap before
{Heap before GC invocations=13 (full 2):
 PSYoungGen      total 451072K, used 451040K [0x00000000d5580000, 0x00000000f2a00000, 0x0000000100000000)
  eden space 436224K, 99% used [0x00000000d5580000,0x00000000eff7cfc8,0x00000000eff80000)
  from space 14848K, 99% used [0x00000000f1b80000,0x00000000f29fb3e0,0x00000000f2a00000)
  to   space 18944K, 0% used [0x00000000f0500000,0x00000000f0500000,0x00000000f1780000)
 ParOldGen       total 85504K, used 25088K [0x0000000080000000, 0x0000000085380000, 0x00000000d5580000)
  object space 85504K, 29% used [0x0000000080000000,0x00000000818803f8,0x0000000085380000)
 Metaspace       used 49910K, capacity 51910K, committed 52096K, reserved 1095680K
  class space    used 6377K, capacity 6778K, committed 6784K, reserved 1048576K
Event: 91.796 GC heap after
Heap after GC invocations=13 (full 2):
 PSYoungGen      total 460800K, used 11546K [0x00000000d5580000, 0x00000000f8500000, 0x0000000100000000)
  eden space 441856K, 0% used [0x00000000d5580000,0x00000000d5580000,0x00000000f0500000)
  from space 18944K, 60% used [0x00000000f0500000,0x00000000f1046988,0x00000000f1780000)
  to   space 18944K, 0% used [0x00000000f7280000,0x00000000f7280000,0x00000000f8500000)
 ParOldGen       total 85504K, used 25964K [0x0000000080000000, 0x0000000085380000, 0x00000000d5580000)
  object space 85504K, 30% used [0x0000000080000000,0x000000008195b2f0,0x0000000085380000)
 Metaspace       used 49910K, capacity 51910K, committed 52096K, reserved 1095680K
  class space    used 6377K, capacity 6778K, committed 6784K, reserved 1048576K
}
Event: 95.416 GC heap before
{Heap before GC invocations=14 (full 2):
 PSYoungGen      total 460800K, used 453402K [0x00000000d5580000, 0x00000000f8500000, 0x0000000100000000)
  eden space 441856K, 100% used [0x00000000d5580000,0x00000000f0500000,0x00000000f0500000)
  from space 18944K, 60% used [0x00000000f0500000,0x00000000f1046988,0x00000000f1780000)
  to   space 18944K, 0% used [0x00000000f7280000,0x00000000f7280000,0x00000000f8500000)
 ParOldGen       total 85504K, used 25964K [0x0000000080000000, 0x0000000085380000, 0x00000000d5580000)
  object space 85504K, 30% used [0x0000000080000000,0x000000008195b2f0,0x0000000085380000)
 Metaspace       used 49959K, capacity 51978K, committed 52096K, reserved 1095680K
  class space    used 6377K, capacity 6778K, committed 6784K, reserved 1048576K
Event: 95.424 GC heap after
Heap after GC invocations=14 (full 2):
 PSYoungGen      total 541696K, used 11848K [0x00000000d5580000, 0x00000000f7f00000, 0x0000000100000000)
  eden space 528896K, 0% used [0x00000000d5580000,0x00000000d5580000,0x00000000f5a00000)
  from space 12800K, 92% used [0x00000000f7280000,0x00000000f7e12070,0x00000000f7f00000)
  to   space 18944K, 0% used [0x00000000f5a00000,0x00000000f5a00000,0x00000000f6c80000)
 ParOldGen       total 85504K, used 25972K [0x0000000080000000, 0x0000000085380000, 0x00000000d5580000)
  object space 85504K, 30% used [0x0000000080000000,0x000000008195d2f0,0x0000000085380000)
 Metaspace       used 49959K, capacity 51978K, committed 52096K, reserved 1095680K
  class space    used 6377K, capacity 6778K, committed 6784K, reserved 1048576K
}
Event: 97.238 GC heap before
{Heap before GC invocations=15 (full 2):
 PSYoungGen      total 541696K, used 139493K [0x00000000d5580000, 0x00000000f7f00000, 0x0000000100000000)
  eden space 528896K, 24% used [0x00000000d5580000,0x00000000dd227410,0x00000000f5a00000)
  from space 12800K, 92% used [0x00000000f7280000,0x00000000f7e12070,0x00000000f7f00000)
  to   space 18944K, 0% used [0x00000000f5a00000,0x00000000f5a00000,0x00000000f6c80000)
 ParOldGen       total 85504K, used 25972K [0x0000000080000000, 0x0000000085380000, 0x00000000d5580000)
  object space 85504K, 30% used [0x0000000080000000,0x000000008195d2f0,0x0000000085380000)
 Metaspace       used 56578K, capacity 58876K, committed 59028K, reserved 1101824K
  class space    used 7181K, capacity 7655K, committed 7680K, reserved 1048576K
Event: 97.257 GC heap after
Heap after GC invocations=15 (full 2):
 PSYoungGen      total 547840K, used 18920K [0x00000000d5580000, 0x00000000ff100000, 0x0000000100000000)
  eden space 528896K, 0% used [0x00000000d5580000,0x00000000d5580000,0x00000000f5a00000)
  from space 18944K, 99% used [0x00000000f5a00000,0x00000000f6c7a0a0,0x00000000f6c80000)
  to   space 22016K, 0% used [0x00000000fdb80000,0x00000000fdb80000,0x00000000ff100000)
 ParOldGen       total 85504K, used 26353K [0x0000000080000000, 0x0000000085380000, 0x00000000d5580000)
  object space 85504K, 30% used [0x0000000080000000,0x00000000819bc5f0,0x0000000085380000)
 Metaspace       used 56578K, capacity 58876K, committed 59028K, reserved 1101824K
  class space    used 7181K, capacity 7655K, committed 7680K, reserved 1048576K
}
Event: 97.258 GC heap before
{Heap before GC invocations=16 (full 3):
 PSYoungGen      total 547840K, used 18920K [0x00000000d5580000, 0x00000000ff100000, 0x0000000100000000)
  eden space 528896K, 0% used [0x00000000d5580000,0x00000000d5580000,0x00000000f5a00000)
  from space 18944K, 99% used [0x00000000f5a00000,0x00000000f6c7a0a0,0x00000000f6c80000)
  to   space 22016K, 0% used [0x00000000fdb80000,0x00000000fdb80000,0x00000000ff100000)
 ParOldGen       total 85504K, used 26353K [0x0000000080000000, 0x0000000085380000, 0x00000000d5580000)
  object space 85504K, 30% used [0x0000000080000000,0x00000000819bc5f0,0x0000000085380000)
 Metaspace       used 56578K, capacity 58876K, committed 59028K, reserved 1101824K
  class space    used 7181K, capacity 7655K, committed 7680K, reserved 1048576K
Event: 97.446 GC heap after
Heap after GC invocations=16 (full 3):
 PSYoungGen      total 547840K, used 0K [0x00000000d5580000, 0x00000000ff100000, 0x0000000100000000)
  eden space 528896K, 0% used [0x00000000d5580000,0x00000000d5580000,0x00000000f5a00000)
  from space 18944K, 0% used [0x00000000f5a00000,0x00000000f5a00000,0x00000000f6c80000)
  to   space 22016K, 0% used [0x00000000fdb80000,0x00000000fdb80000,0x00000000ff100000)
 ParOldGen       total 85504K, used 31789K [0x0000000080000000, 0x0000000085380000, 0x00000000d5580000)
  object space 85504K, 37% used [0x0000000080000000,0x0000000081f0b778,0x0000000085380000)
 Metaspace       used 56428K, capacity 58592K, committed 59028K, reserved 1101824K
  class space    used 7142K, capacity 7602K, committed 7680K, reserved 1048576K
}

